<?xml version="1.0" encoding="utf-8"?><testsuite errors="0" failures="0" name="pytest" skips="0" tests="5" time="0.030"><testcase classname="tests.test_package_files.TestFind_package_files" file="tests/test_package_files.py" line="122" name="test_find_package_ignored" time="0.0007059574127197266"></testcase><testcase classname="tests.test_package_files.TestFind_package_files" file="tests/test_package_files.py" line="115" name="test_find_package_imageonly" time="0.0006911754608154297"></testcase><testcase classname="tests.test_package_files.TestFind_package_files" file="tests/test_package_files.py" line="139" name="test_generate_deployment" time="0.0009529590606689453"></testcase><testcase classname="tests.test_package_files.TestFind_package_files" file="tests/test_package_files.py" line="134" name="test_sorted" time="0.0007581710815429688"></testcase><testcase classname="tests.test_package_files.TestFind_package_files" file="tests/test_package_files.py" line="128" name="test_split_item_level_iter" time="0.0006458759307861328"></testcase></testsuite>